<?xml version="1.0" encoding="UTF-8"?>
<testng-results ignored="0" total="1" passed="1" failed="0" skipped="0">
  <reporter-output>
  </reporter-output>
  <suite started-at="2023-09-27T17:11:09 GMT+01:00" name="Suite" finished-at="2023-09-27T17:11:23 GMT+01:00" duration-ms="14017">
    <groups>
    </groups>
    <test started-at="2023-09-27T17:11:09 GMT+01:00" name="Test" finished-at="2023-09-27T17:11:23 GMT+01:00" duration-ms="14017">
      <class name="loginTest.ResetPasswordTest">
        <test-method is-config="true" signature="setUp()[pri:0, instance:loginTest.ResetPasswordTest@791f145a]" started-at="2023-09-27T17:11:09 GMT+01:00" name="setUp" finished-at="2023-09-27T17:11:15 GMT+01:00" duration-ms="5895" status="PASS">
          <reporter-output>
          </reporter-output>
        </test-method> <!-- setUp -->
        <test-method signature="resetPasswordTest()[pri:0, instance:loginTest.ResetPasswordTest@791f145a]" started-at="2023-09-27T17:11:15 GMT+01:00" name="resetPasswordTest" finished-at="2023-09-27T17:11:23 GMT+01:00" duration-ms="7940" status="PASS">
          <reporter-output>
          </reporter-output>
        </test-method> <!-- resetPasswordTest -->
      </class> <!-- loginTest.ResetPasswordTest -->
    </test> <!-- Test -->
  </suite> <!-- Suite -->
</testng-results>
